[I 2026-02-19 15:12:29.945 ServerApp] jupyter_lsp | extension was successfully linked.
[I 2026-02-19 15:12:29.948 ServerApp] jupyter_server_terminals | extension was successfully linked.
[I 2026-02-19 15:12:29.953 ServerApp] jupyterlab | extension was successfully linked.
[I 2026-02-19 15:12:29.956 ServerApp] notebook | extension was successfully linked.
[I 2026-02-19 15:12:30.450 ServerApp] notebook_shim | extension was successfully linked.
[I 2026-02-19 15:12:30.486 ServerApp] notebook_shim | extension was successfully loaded.
[I 2026-02-19 15:12:30.488 ServerApp] jupyter_lsp | extension was successfully loaded.
[I 2026-02-19 15:12:30.490 ServerApp] jupyter_server_terminals | extension was successfully loaded.
[I 2026-02-19 15:12:30.535 LabApp] JupyterLab extension loaded from /sw/rh9.4/user/python/conda-env/pytorch-2.8-cu128/lib/python3.11/site-packages/jupyterlab
[I 2026-02-19 15:12:30.535 LabApp] JupyterLab application directory is /sw/rh9.4/user/python/conda-env/pytorch-2.8-cu128/share/jupyter/lab
[I 2026-02-19 15:12:30.536 LabApp] Extension Manager is 'pypi'.
[I 2026-02-19 15:12:30.615 ServerApp] jupyterlab | extension was successfully loaded.
[I 2026-02-19 15:12:30.626 ServerApp] notebook | extension was successfully loaded.
[I 2026-02-19 15:12:30.627 ServerApp] Serving notebooks from local directory: /projects/bblv/qibang/repository_PRObblv/sciML_webinar
[I 2026-02-19 15:12:30.627 ServerApp] Jupyter Server 2.17.0 is running at:
[I 2026-02-19 15:12:30.627 ServerApp] http://gpua049.delta.ncsa.illinois.edu:8888/lab?token=0f3f16fe6477a5658e63c0603f0148c059260883699580cc
[I 2026-02-19 15:12:30.627 ServerApp]     http://127.0.0.1:8888/lab?token=0f3f16fe6477a5658e63c0603f0148c059260883699580cc
[I 2026-02-19 15:12:30.627 ServerApp] Use Control-C to stop this server and shut down all kernels (twice to skip confirmation).
[C 2026-02-19 15:12:30.635 ServerApp] 
    
    To access the server, open this file in a browser:
        file:///u/qibang/.local/share/jupyter/runtime/jpserver-932904-open.html
    Or copy and paste one of these URLs:
        http://gpua049.delta.ncsa.illinois.edu:8888/lab?token=0f3f16fe6477a5658e63c0603f0148c059260883699580cc
        http://127.0.0.1:8888/lab?token=0f3f16fe6477a5658e63c0603f0148c059260883699580cc
[I 2026-02-19 15:12:30.729 ServerApp] Skipped non-installed server(s): basedpyright, bash-language-server, dockerfile-language-server-nodejs, javascript-typescript-langserver, jedi-language-server, julia-language-server, pyrefly, pyright, python-language-server, python-lsp-server, r-languageserver, sql-language-server, texlab, typescript-language-server, unified-language-server, vscode-css-languageserver-bin, vscode-html-languageserver-bin, vscode-json-languageserver-bin, yaml-language-server
[I 2026-02-19 15:12:46.406 ServerApp] 302 GET / (@141.142.253.67) 0.41ms
[I 2026-02-19 15:12:46.412 LabApp] 302 GET /lab? (@141.142.253.67) 0.40ms
[I 2026-02-19 15:12:47.467 ServerApp] 302 GET / (@141.142.253.67) 0.24ms
[I 2026-02-19 15:12:47.473 LabApp] 302 GET /lab? (@141.142.253.67) 0.43ms
[I 2026-02-19 15:12:56.679 ServerApp] 302 GET / (@141.142.253.67) 0.38ms
[I 2026-02-19 15:12:56.682 LabApp] 302 GET /lab? (@141.142.253.67) 0.30ms
[I 2026-02-19 15:12:56.775 ServerApp] Kernel started: 7abbe7e2-65eb-4e32-98a4-8957163a1453
[I 2026-02-19 15:12:58.340 ServerApp] Connecting to kernel 7abbe7e2-65eb-4e32-98a4-8957163a1453.
[W 2026-02-19 15:12:58.341 ServerApp] The websocket_ping_timeout (90000) cannot be longer than the websocket_ping_interval (30000).
    Setting websocket_ping_timeout=30000
srun: Job step aborted: Waiting up to 32 seconds for job step to finish.
[2026-02-19T16:12:44.005] error: *** STEP 16026584.0 ON gpua049 CANCELLED AT 2026-02-19T16:12:44 DUE TO TIME LIMIT ***
[2026-02-19T16:12:44.006] error: *** JOB 16026584 ON gpua049 CANCELLED AT 2026-02-19T16:12:44 DUE TO TIME LIMIT ***
[C 2026-02-19 16:12:44.007 ServerApp] received signal 15, stopping
[C 2026-02-19 16:12:44.010 ServerApp] received signal 15, stopping
[I 2026-02-19 16:12:44.012 ServerApp] Shutting down 5 extensions
[I 2026-02-19 16:12:44.013 ServerApp] Shutting down 5 extensions
[I 2026-02-19 16:12:44.013 ServerApp] Shutting down 1 kernel
[I 2026-02-19 16:12:44.014 ServerApp] Kernel shutdown: 7abbe7e2-65eb-4e32-98a4-8957163a1453
[I 2026-02-19 16:12:44.014 ServerApp] Shutting down 1 kernel
[I 2026-02-19 16:12:44.014 ServerApp] Kernel shutdown: 7abbe7e2-65eb-4e32-98a4-8957163a1453
