[I 2026-02-19 16:34:36.094 ServerApp] jupyter_lsp | extension was successfully linked.
[I 2026-02-19 16:34:36.099 ServerApp] jupyter_server_terminals | extension was successfully linked.
[I 2026-02-19 16:34:36.103 ServerApp] jupyterlab | extension was successfully linked.
[I 2026-02-19 16:34:36.106 ServerApp] notebook | extension was successfully linked.
[I 2026-02-19 16:34:36.559 ServerApp] notebook_shim | extension was successfully linked.
[I 2026-02-19 16:34:36.592 ServerApp] notebook_shim | extension was successfully loaded.
[I 2026-02-19 16:34:36.594 ServerApp] jupyter_lsp | extension was successfully loaded.
[I 2026-02-19 16:34:36.595 ServerApp] jupyter_server_terminals | extension was successfully loaded.
[I 2026-02-19 16:34:36.635 LabApp] JupyterLab extension loaded from /sw/rh9.4/user/python/conda-env/pytorch-2.8-cu128/lib/python3.11/site-packages/jupyterlab
[I 2026-02-19 16:34:36.635 LabApp] JupyterLab application directory is /sw/rh9.4/user/python/conda-env/pytorch-2.8-cu128/share/jupyter/lab
[I 2026-02-19 16:34:36.636 LabApp] Extension Manager is 'pypi'.
[I 2026-02-19 16:34:36.709 ServerApp] jupyterlab | extension was successfully loaded.
[I 2026-02-19 16:34:36.719 ServerApp] notebook | extension was successfully loaded.
[I 2026-02-19 16:34:36.719 ServerApp] Serving notebooks from local directory: /projects/bblv/qibang/repository_PRObblv/sciML_webinar
[I 2026-02-19 16:34:36.719 ServerApp] Jupyter Server 2.17.0 is running at:
[I 2026-02-19 16:34:36.719 ServerApp] http://gpua001.delta.ncsa.illinois.edu:8888/lab?token=326c9d37924de2c57ea9be3122d76dac2e6b9a7a0f3aeaf2
[I 2026-02-19 16:34:36.719 ServerApp]     http://127.0.0.1:8888/lab?token=326c9d37924de2c57ea9be3122d76dac2e6b9a7a0f3aeaf2
[I 2026-02-19 16:34:36.719 ServerApp] Use Control-C to stop this server and shut down all kernels (twice to skip confirmation).
[C 2026-02-19 16:34:36.727 ServerApp] 
    
    To access the server, open this file in a browser:
        file:///u/qibang/.local/share/jupyter/runtime/jpserver-1900239-open.html
    Or copy and paste one of these URLs:
        http://gpua001.delta.ncsa.illinois.edu:8888/lab?token=326c9d37924de2c57ea9be3122d76dac2e6b9a7a0f3aeaf2
        http://127.0.0.1:8888/lab?token=326c9d37924de2c57ea9be3122d76dac2e6b9a7a0f3aeaf2
[I 2026-02-19 16:34:36.788 ServerApp] Skipped non-installed server(s): basedpyright, bash-language-server, dockerfile-language-server-nodejs, javascript-typescript-langserver, jedi-language-server, julia-language-server, pyrefly, pyright, python-language-server, python-lsp-server, r-languageserver, sql-language-server, texlab, typescript-language-server, unified-language-server, vscode-css-languageserver-bin, vscode-html-languageserver-bin, vscode-json-languageserver-bin, yaml-language-server
[I 2026-02-19 16:35:00.139 ServerApp] 302 GET / (@141.142.253.67) 0.41ms
[I 2026-02-19 16:35:00.141 LabApp] 302 GET /lab? (@141.142.253.67) 0.42ms
[I 2026-02-19 16:35:00.944 ServerApp] 302 GET / (@141.142.253.67) 0.34ms
[I 2026-02-19 16:35:00.946 LabApp] 302 GET /lab? (@141.142.253.67) 0.28ms
[I 2026-02-19 16:35:01.769 ServerApp] 302 GET / (@141.142.253.67) 0.23ms
[I 2026-02-19 16:35:01.771 LabApp] 302 GET /lab? (@141.142.253.67) 0.25ms
[I 2026-02-19 16:35:01.834 ServerApp] Kernel started: 1d888532-eb75-4f8d-8279-2cbb6fa7e342
[I 2026-02-19 16:35:02.596 ServerApp] Connecting to kernel 1d888532-eb75-4f8d-8279-2cbb6fa7e342.
[W 2026-02-19 16:35:02.597 ServerApp] The websocket_ping_timeout (90000) cannot be longer than the websocket_ping_interval (30000).
    Setting websocket_ping_timeout=30000
srun: Job step aborted: Waiting up to 32 seconds for job step to finish.
[2026-02-19T17:34:32.007] error: *** STEP 16027725.0 ON gpua001 CANCELLED AT 2026-02-19T17:34:32 DUE TO TIME LIMIT ***
[2026-02-19T17:34:32.007] error: *** JOB 16027725 ON gpua001 CANCELLED AT 2026-02-19T17:34:32 DUE TO TIME LIMIT ***
[C 2026-02-19 17:34:32.008 ServerApp] received signal 15, stopping
[C 2026-02-19 17:34:32.010 ServerApp] received signal 15, stopping
[I 2026-02-19 17:34:32.012 ServerApp] Shutting down 5 extensions
[I 2026-02-19 17:34:32.012 ServerApp] Shutting down 5 extensions
[I 2026-02-19 17:34:32.012 ServerApp] Shutting down 1 kernel
[I 2026-02-19 17:34:32.013 ServerApp] Kernel shutdown: 1d888532-eb75-4f8d-8279-2cbb6fa7e342
[I 2026-02-19 17:34:32.013 ServerApp] Shutting down 1 kernel
[I 2026-02-19 17:34:32.013 ServerApp] Kernel shutdown: 1d888532-eb75-4f8d-8279-2cbb6fa7e342
